{"level":"info","message":"Redis error","timestamp":"2025-07-25T16:34:34.169Z"}
{"level":"info","message":"✅ MongoDB connected","timestamp":"2025-07-25T16:34:34.430Z"}
{"level":"info","message":"🚀 Server running at http://localhost:3001","timestamp":"2025-07-25T16:34:34.437Z"}
{"level":"info","message":"Redis error","timestamp":"2025-07-25T16:34:35.066Z"}
{"level":"info","message":"Redis error","timestamp":"2025-07-25T16:34:36.011Z"}
{"level":"info","message":"Redis error","timestamp":"2025-07-25T16:34:36.996Z"}
{"level":"info","message":"Redis error","timestamp":"2025-07-25T16:34:38.032Z"}
{"level":"info","message":"Redis error","timestamp":"2025-07-25T16:34:39.131Z"}
{"level":"info","message":"Redis error","timestamp":"2025-07-25T16:34:40.286Z"}
{"level":"info","message":"Redis error","timestamp":"2025-07-25T16:34:41.478Z"}
{"level":"info","message":"Redis error","timestamp":"2025-07-25T16:34:42.713Z"}
{"level":"info","message":"Redis error","timestamp":"2025-07-25T16:34:44.019Z"}
{"level":"info","message":"Redis error","timestamp":"2025-07-25T16:34:45.366Z"}
{"level":"info","message":"Redis error","timestamp":"2025-07-25T16:34:46.761Z"}
{"level":"info","message":"Redis error","timestamp":"2025-07-25T16:34:48.203Z"}
{"level":"info","message":"Redis error","timestamp":"2025-07-25T16:34:49.703Z"}
{"level":"info","message":"Redis error","timestamp":"2025-07-25T16:34:51.244Z"}
{"level":"info","message":"Redis error","timestamp":"2025-07-25T16:34:52.842Z"}
{"level":"info","message":"Redis error","timestamp":"2025-07-25T16:34:54.488Z"}
{"level":"info","message":"Redis error","timestamp":"2025-07-25T16:34:56.175Z"}
{"level":"info","message":"Redis error","timestamp":"2025-07-25T16:34:57.922Z"}
{"level":"info","message":"Redis error","timestamp":"2025-07-25T16:34:59.721Z"}
{"level":"info","message":"Redis error","timestamp":"2025-07-25T16:35:01.565Z"}
{"level":"info","message":"Redis error","timestamp":"2025-07-25T16:35:03.458Z"}
{"level":"info","message":"Redis error","timestamp":"2025-07-25T16:35:05.412Z"}
{"level":"info","message":"Redis error","timestamp":"2025-07-25T16:35:07.417Z"}
{"level":"info","message":"Redis error","timestamp":"2025-07-25T16:35:09.468Z"}
{"level":"info","message":"Redis error","timestamp":"2025-07-25T16:35:11.568Z"}
{"level":"info","message":"Redis error","timestamp":"2025-07-25T16:35:13.723Z"}
{"level":"info","message":"Redis error","timestamp":"2025-07-25T16:35:15.915Z"}
{"level":"info","message":"Redis error","timestamp":"2025-07-25T16:35:18.162Z"}
{"level":"info","message":"Redis error","timestamp":"2025-07-25T16:50:36.327Z"}
{"level":"info","message":"✅ MongoDB connected","timestamp":"2025-07-25T16:50:36.381Z"}
{"level":"info","message":"🚀 Server running at http://localhost:3001","timestamp":"2025-07-25T16:50:36.386Z"}
{"level":"info","message":"Redis error","timestamp":"2025-07-25T16:50:37.246Z"}
{"level":"info","message":"Redis error","timestamp":"2025-07-25T16:50:38.185Z"}
{"level":"info","message":"Redis error","timestamp":"2025-07-25T16:50:39.171Z"}
{"level":"info","message":"Redis error","timestamp":"2025-07-25T16:50:40.229Z"}
{"level":"info","message":"Redis error","timestamp":"2025-07-25T16:50:41.336Z"}
{"level":"info","message":"Redis error","timestamp":"2025-07-25T16:50:42.483Z"}
{"level":"info","message":"Redis error","timestamp":"2025-07-25T16:50:43.667Z"}
{"level":"info","message":"Redis error","timestamp":"2025-07-25T16:50:44.910Z"}
{"level":"info","message":"Redis error","timestamp":"2025-07-25T16:50:46.207Z"}
{"level":"info","message":"Redis error","timestamp":"2025-07-25T16:50:47.554Z"}
{"level":"info","message":"Redis error","timestamp":"2025-07-25T16:50:48.948Z"}
{"level":"info","message":"Redis error","timestamp":"2025-07-25T16:50:50.398Z"}
{"level":"info","message":"Redis error","timestamp":"2025-07-25T16:50:51.889Z"}
{"level":"info","message":"Redis error","timestamp":"2025-07-25T16:50:53.443Z"}
{"level":"info","message":"Redis error","timestamp":"2025-07-25T16:50:55.040Z"}
{"level":"info","message":"Redis error","timestamp":"2025-07-25T16:50:56.686Z"}
{"level":"info","message":"Redis error","timestamp":"2025-07-25T16:50:58.389Z"}
{"level":"info","message":"Redis error","timestamp":"2025-07-25T16:51:00.138Z"}
{"level":"info","message":"Redis error","timestamp":"2025-07-25T16:51:01.931Z"}
{"level":"info","message":"Redis error","timestamp":"2025-07-25T16:51:03.770Z"}
{"level":"info","message":"Redis error","timestamp":"2025-07-25T16:51:05.674Z"}
{"level":"info","message":"Redis error","timestamp":"2025-07-25T16:51:07.610Z"}
{"level":"info","message":"Redis error","timestamp":"2025-07-25T16:51:09.595Z"}
{"level":"info","message":"Redis error","timestamp":"2025-07-25T16:51:11.643Z"}
{"level":"info","message":"Redis error","timestamp":"2025-07-25T16:51:13.740Z"}
{"level":"info","message":"Redis error","timestamp":"2025-07-25T16:51:15.887Z"}
{"level":"info","message":"Redis error","timestamp":"2025-07-25T16:51:18.083Z"}
{"level":"info","message":"Redis error","timestamp":"2025-07-25T16:51:20.327Z"}
{"level":"info","message":"Redis error","timestamp":"2025-07-25T16:51:22.645Z"}
{"level":"info","message":"Redis error","timestamp":"2025-07-25T16:51:25.002Z"}
{"level":"info","message":"Redis error","timestamp":"2025-07-25T16:51:27.403Z"}
{"level":"info","message":"Redis error","timestamp":"2025-07-25T16:51:29.852Z"}
{"level":"info","message":"Redis error","timestamp":"2025-07-25T16:51:32.344Z"}
{"level":"info","message":"Redis error","timestamp":"2025-07-25T16:51:34.888Z"}
{"level":"info","message":"Redis error","timestamp":"2025-07-25T16:51:37.480Z"}
{"level":"info","message":"Redis error","timestamp":"2025-07-25T16:51:40.135Z"}
{"level":"info","message":"Redis error","timestamp":"2025-07-25T16:51:42.835Z"}
{"level":"info","message":"Redis error","timestamp":"2025-07-25T16:51:45.573Z"}
{"level":"info","message":"Redis error","timestamp":"2025-07-25T16:51:48.383Z"}
{"level":"info","message":"Redis error","timestamp":"2025-07-25T16:51:51.230Z"}
{"level":"info","message":"Redis error","timestamp":"2025-07-25T16:51:54.084Z"}
{"level":"info","message":"Redis error","timestamp":"2025-07-25T16:51:56.926Z"}
{"level":"info","message":"Redis error","timestamp":"2025-07-25T16:51:59.785Z"}
{"level":"info","message":"Redis error","timestamp":"2025-07-25T16:52:02.618Z"}
{"level":"info","message":"Redis error","timestamp":"2025-07-25T16:52:05.455Z"}
{"level":"info","message":"Redis error","timestamp":"2025-07-25T16:52:08.316Z"}
{"level":"info","message":"Redis error","timestamp":"2025-07-25T16:52:11.168Z"}
{"level":"info","message":"Redis error","timestamp":"2025-07-25T16:52:14.019Z"}
{"level":"info","message":"Redis error","timestamp":"2025-07-25T16:52:16.858Z"}
{"level":"info","message":"Redis error","timestamp":"2025-07-25T16:52:19.699Z"}
{"level":"info","message":"Redis error","timestamp":"2025-07-25T16:52:22.556Z"}
{"level":"info","message":"Redis error","timestamp":"2025-07-25T16:52:25.401Z"}
{"level":"info","message":"✅ MongoDB connected","timestamp":"2025-07-25T16:52:33.902Z"}
{"level":"info","message":"🚀 Server running at http://localhost:3001","timestamp":"2025-07-25T16:52:33.907Z"}
{"level":"info","message":"Redis error","timestamp":"2025-07-25T16:52:34.150Z"}
{"level":"info","message":"Redis error","timestamp":"2025-07-25T16:52:35.046Z"}
{"level":"info","message":"Redis error","timestamp":"2025-07-25T16:52:35.990Z"}
{"level":"info","message":"Redis error","timestamp":"2025-07-25T16:52:36.978Z"}
{"level":"info","message":"Redis error","timestamp":"2025-07-25T16:52:38.019Z"}
{"level":"info","message":"Redis error","timestamp":"2025-07-25T16:52:39.118Z"}
{"level":"info","message":"Redis error","timestamp":"2025-07-25T16:52:40.271Z"}
{"level":"info","message":"Redis error","timestamp":"2025-07-25T16:52:41.468Z"}
{"level":"info","message":"Redis error","timestamp":"2025-07-25T16:52:42.721Z"}
{"level":"info","message":"Redis error","timestamp":"2025-07-25T16:52:44.030Z"}
{"level":"info","message":"Redis error","timestamp":"2025-07-25T16:52:45.400Z"}
{"level":"info","message":"Redis error","timestamp":"2025-07-25T16:52:46.789Z"}
{"level":"info","message":"Redis error","timestamp":"2025-07-25T16:52:48.236Z"}
{"level":"info","message":"Redis error","timestamp":"2025-07-25T16:52:49.723Z"}
{"level":"info","message":"Redis error","timestamp":"2025-07-25T16:52:51.270Z"}
{"level":"info","message":"Redis error","timestamp":"2025-07-25T16:52:52.868Z"}
{"level":"info","message":"Redis error","timestamp":"2025-07-25T16:52:54.501Z"}
{"level":"info","message":"Redis error","timestamp":"2025-07-25T16:52:56.197Z"}
{"level":"info","message":"Redis error","timestamp":"2025-07-25T16:52:57.939Z"}
{"level":"info","message":"Redis error","timestamp":"2025-07-25T16:52:59.730Z"}
{"level":"info","message":"Redis error","timestamp":"2025-07-25T16:53:01.582Z"}
{"level":"info","message":"Redis error","timestamp":"2025-07-25T16:53:03.487Z"}
{"level":"info","message":"Redis error","timestamp":"2025-07-25T16:53:05.425Z"}
{"level":"info","message":"Redis error","timestamp":"2025-07-25T16:53:07.425Z"}
{"level":"info","message":"Redis error","timestamp":"2025-07-25T16:53:09.475Z"}
{"level":"info","message":"Redis error","timestamp":"2025-07-25T16:53:11.571Z"}
{"level":"info","message":"Redis error","timestamp":"2025-07-25T16:53:13.714Z"}
{"level":"info","message":"Redis error","timestamp":"2025-07-25T16:53:15.915Z"}
{"level":"info","message":"Redis error","timestamp":"2025-07-25T16:53:18.165Z"}
{"level":"info","message":"Redis error","timestamp":"2025-07-25T16:53:20.464Z"}
{"level":"info","message":"Redis error","timestamp":"2025-07-25T16:53:22.811Z"}
{"level":"info","message":"Redis error","timestamp":"2025-07-25T16:53:25.206Z"}
{"level":"info","message":"Redis error","timestamp":"2025-07-25T16:53:27.646Z"}
{"level":"info","message":"Redis error","timestamp":"2025-07-25T16:53:30.133Z"}
{"level":"info","message":"Redis error","timestamp":"2025-07-25T16:53:32.681Z"}
{"level":"info","message":"Redis error","timestamp":"2025-07-25T16:53:35.291Z"}
{"level":"info","message":"Redis error","timestamp":"2025-07-25T16:53:37.930Z"}
{"level":"info","message":"Redis error","timestamp":"2025-07-25T16:53:40.621Z"}
{"level":"info","message":"Redis error","timestamp":"2025-07-25T16:53:43.373Z"}
{"level":"info","message":"Redis error","timestamp":"2025-07-25T16:53:46.165Z"}
{"level":"info","message":"Redis error","timestamp":"2025-07-25T16:53:49.010Z"}
{"level":"info","message":"Redis error","timestamp":"2025-07-25T16:53:51.867Z"}
{"level":"info","message":"Redis error","timestamp":"2025-07-25T16:53:54.704Z"}
{"level":"info","message":"Redis error","timestamp":"2025-07-25T16:53:57.549Z"}
{"level":"info","message":"✅ MongoDB connected","timestamp":"2025-07-25T16:54:06.329Z"}
{"level":"info","message":"🚀 Server running at http://localhost:3001","timestamp":"2025-07-25T16:54:06.334Z"}
{"level":"info","message":"Redis error","timestamp":"2025-07-25T16:54:06.505Z"}
{"level":"info","message":"Redis error","timestamp":"2025-07-25T16:54:07.399Z"}
{"level":"info","message":"Redis error","timestamp":"2025-07-25T16:54:08.343Z"}
{"level":"info","message":"Redis error","timestamp":"2025-07-25T16:54:09.330Z"}
{"level":"info","message":"Redis error","timestamp":"2025-07-25T16:54:10.380Z"}
{"level":"info","message":"Redis error","timestamp":"2025-07-25T16:54:11.478Z"}
{"level":"info","message":"Redis error","timestamp":"2025-07-25T16:54:12.629Z"}
{"level":"info","message":"Redis error","timestamp":"2025-07-25T16:54:13.822Z"}
{"level":"info","message":"✅ MongoDB connected","timestamp":"2025-07-25T16:54:20.872Z"}
{"level":"info","message":"🚀 Server running at http://localhost:3001","timestamp":"2025-07-25T16:54:20.877Z"}
{"level":"info","message":"Redis error","timestamp":"2025-07-25T16:54:21.385Z"}
{"level":"info","message":"Redis error","timestamp":"2025-07-25T16:54:22.288Z"}
{"level":"info","message":"Redis error","timestamp":"2025-07-25T16:54:23.240Z"}
{"level":"info","message":"Redis error","timestamp":"2025-07-25T16:54:24.237Z"}
{"level":"info","message":"Redis error","timestamp":"2025-07-25T16:54:25.276Z"}
{"level":"info","message":"Redis error","timestamp":"2025-07-25T16:54:26.360Z"}
{"level":"info","message":"Redis error","timestamp":"2025-07-25T16:54:27.516Z"}
{"level":"info","message":"Redis error","timestamp":"2025-07-25T16:54:28.711Z"}
{"level":"info","message":"Redis error","timestamp":"2025-07-25T16:54:29.963Z"}
{"level":"info","message":"Redis error","timestamp":"2025-07-25T16:54:31.254Z"}
{"level":"info","message":"Redis error","timestamp":"2025-07-25T16:54:32.608Z"}
{"level":"info","message":"Redis error","timestamp":"2025-07-25T16:54:33.987Z"}
{"level":"info","message":"Redis error","timestamp":"2025-07-25T16:54:35.428Z"}
{"level":"info","message":"Redis error","timestamp":"2025-07-25T16:54:36.935Z"}
{"level":"info","message":"Redis error","timestamp":"2025-07-25T16:54:38.484Z"}
{"level":"info","message":"Redis error","timestamp":"2025-07-25T16:54:40.076Z"}
{"level":"info","message":"Redis error","timestamp":"2025-07-25T16:54:41.711Z"}
{"level":"info","message":"Redis error","timestamp":"2025-07-25T16:54:43.404Z"}
{"level":"info","message":"Redis error","timestamp":"2025-07-25T16:54:45.157Z"}
{"level":"info","message":"Redis error","timestamp":"2025-07-25T16:54:46.952Z"}
{"level":"info","message":"Redis error","timestamp":"2025-07-25T16:54:48.792Z"}
{"level":"info","message":"Redis error","timestamp":"2025-07-25T16:54:50.680Z"}
{"level":"info","message":"Redis error","timestamp":"2025-07-25T16:54:52.630Z"}
{"level":"info","message":"Redis error","timestamp":"2025-07-25T16:54:54.639Z"}
{"level":"info","message":"Redis error","timestamp":"2025-07-25T16:54:56.684Z"}
{"level":"info","message":"Redis error","timestamp":"2025-07-25T16:54:58.777Z"}
{"level":"info","message":"Redis error","timestamp":"2025-07-25T16:55:00.919Z"}
{"level":"info","message":"Redis error","timestamp":"2025-07-25T16:55:03.103Z"}
{"level":"info","message":"Redis error","timestamp":"2025-07-25T16:55:05.355Z"}
{"level":"info","message":"Redis error","timestamp":"2025-07-25T16:55:07.656Z"}
{"level":"info","message":"Redis error","timestamp":"2025-07-25T16:55:09.995Z"}
{"level":"info","message":"Redis error","timestamp":"2025-07-25T16:55:12.393Z"}
{"level":"info","message":"Redis error","timestamp":"2025-07-25T16:55:14.834Z"}
{"level":"info","message":"Redis error","timestamp":"2025-07-25T16:55:17.327Z"}
{"level":"info","message":"Redis error","timestamp":"2025-07-25T16:55:19.881Z"}
{"level":"info","message":"Redis error","timestamp":"2025-07-25T16:55:22.476Z"}
{"level":"info","message":"Redis error","timestamp":"2025-07-25T16:55:25.133Z"}
{"level":"info","message":"Redis error","timestamp":"2025-07-25T16:55:27.825Z"}
{"level":"info","message":"Redis error","timestamp":"2025-07-25T16:55:30.559Z"}
{"level":"info","message":"Redis error","timestamp":"2025-07-25T16:55:33.348Z"}
{"level":"info","message":"Redis error","timestamp":"2025-07-25T16:55:36.187Z"}
{"level":"info","message":"Redis error","timestamp":"2025-07-25T16:55:39.039Z"}
{"level":"info","message":"Redis error","timestamp":"2025-07-25T16:55:41.883Z"}
{"level":"info","message":"Redis error","timestamp":"2025-07-25T16:55:44.726Z"}
{"level":"info","message":"Redis error","timestamp":"2025-07-25T16:55:47.567Z"}
{"level":"info","message":"Redis error","timestamp":"2025-07-25T16:55:50.413Z"}
{"level":"info","message":"✅ MongoDB connected","timestamp":"2025-07-25T16:55:59.865Z"}
{"level":"info","message":"🚀 Server running at http://localhost:3001","timestamp":"2025-07-25T16:55:59.871Z"}
{"level":"info","message":"Redis error","timestamp":"2025-07-25T16:56:00.033Z"}
{"level":"info","message":"Redis error","timestamp":"2025-07-25T16:56:00.929Z"}
{"level":"info","message":"Redis error","timestamp":"2025-07-25T16:56:01.875Z"}
{"level":"info","message":"Redis error","timestamp":"2025-07-25T16:56:02.861Z"}
{"level":"info","message":"Redis error","timestamp":"2025-07-25T16:56:03.915Z"}
{"level":"info","message":"Redis error","timestamp":"2025-07-25T16:56:05.013Z"}
{"level":"info","message":"Redis error","timestamp":"2025-07-25T16:56:06.156Z"}
{"level":"info","message":"Redis error","timestamp":"2025-07-25T16:56:07.355Z"}
{"level":"info","message":"Redis error","timestamp":"2025-07-25T16:56:08.592Z"}
{"level":"info","message":"Redis error","timestamp":"2025-07-25T16:56:09.891Z"}
{"level":"info","message":"Redis error","timestamp":"2025-07-25T16:56:11.228Z"}
{"level":"info","message":"Redis error","timestamp":"2025-07-25T16:56:12.623Z"}
{"level":"info","message":"Redis error","timestamp":"2025-07-25T16:56:14.055Z"}
{"level":"info","message":"Redis error","timestamp":"2025-07-25T16:56:15.550Z"}
{"level":"info","message":"Redis error","timestamp":"2025-07-25T16:56:17.095Z"}
{"level":"info","message":"Redis error","timestamp":"2025-07-25T16:56:18.681Z"}
{"level":"info","message":"Redis error","timestamp":"2025-07-25T16:56:20.332Z"}
{"level":"info","message":"Redis error","timestamp":"2025-07-25T16:56:22.023Z"}
{"level":"info","message":"Redis error","timestamp":"2025-07-25T16:56:23.767Z"}
{"level":"info","message":"Redis error","timestamp":"2025-07-25T16:56:25.563Z"}
{"level":"info","message":"Redis error","timestamp":"2025-07-25T16:56:27.406Z"}
{"level":"info","message":"Redis error","timestamp":"2025-07-25T16:56:29.292Z"}
{"level":"info","message":"Redis error","timestamp":"2025-07-25T16:56:31.231Z"}
{"level":"info","message":"Redis error","timestamp":"2025-07-25T16:56:33.222Z"}
{"level":"info","message":"Redis error","timestamp":"2025-07-25T16:56:35.269Z"}
{"level":"info","message":"Redis error","timestamp":"2025-07-25T16:56:37.355Z"}
{"level":"info","message":"Redis error","timestamp":"2025-07-25T16:56:39.497Z"}
{"level":"info","message":"Redis error","timestamp":"2025-07-25T16:56:41.682Z"}
{"level":"info","message":"Redis error","timestamp":"2025-07-25T16:56:43.938Z"}
{"level":"info","message":"Redis error","timestamp":"2025-07-25T16:56:46.244Z"}
{"level":"info","message":"Redis error","timestamp":"2025-07-25T16:56:48.592Z"}
{"level":"info","message":"Redis error","timestamp":"2025-07-25T16:56:50.998Z"}
{"level":"info","message":"Redis error","timestamp":"2025-07-25T16:56:53.443Z"}
{"level":"info","message":"Redis error","timestamp":"2025-07-25T16:56:55.950Z"}
{"level":"info","message":"Redis error","timestamp":"2025-07-25T16:56:58.499Z"}
{"level":"info","message":"Redis error","timestamp":"2025-07-25T16:57:01.100Z"}
{"level":"info","message":"Redis error","timestamp":"2025-07-25T16:57:03.756Z"}
{"level":"info","message":"Redis error","timestamp":"2025-07-25T16:57:06.455Z"}
{"level":"info","message":"Redis error","timestamp":"2025-07-25T16:57:09.200Z"}
{"level":"info","message":"Redis error","timestamp":"2025-07-25T16:57:11.994Z"}
{"level":"info","message":"Redis error","timestamp":"2025-07-25T16:57:14.843Z"}
{"level":"info","message":"Redis error","timestamp":"2025-07-25T16:57:17.698Z"}
{"level":"info","message":"Redis error","timestamp":"2025-07-25T16:57:20.541Z"}
{"level":"info","message":"Redis error","timestamp":"2025-07-25T16:57:23.381Z"}
{"level":"info","message":"Redis error","timestamp":"2025-07-25T16:57:26.222Z"}
{"level":"info","message":"Redis error","timestamp":"2025-07-25T16:57:29.065Z"}
{"level":"info","message":"Redis error","timestamp":"2025-07-25T16:57:31.914Z"}
{"level":"info","message":"Redis error","timestamp":"2025-07-25T16:57:34.761Z"}
{"level":"info","message":"Redis error","timestamp":"2025-07-25T16:57:37.613Z"}
{"level":"info","message":"Redis error","timestamp":"2025-07-25T16:57:40.459Z"}
{"level":"info","message":"Redis error","timestamp":"2025-07-25T16:57:43.306Z"}
{"level":"info","message":"Redis error","timestamp":"2025-07-25T16:57:46.160Z"}
{"level":"info","message":"Redis error","timestamp":"2025-07-25T16:57:49.017Z"}
{"level":"info","message":"Redis error","timestamp":"2025-07-25T16:57:51.867Z"}
{"level":"info","message":"Redis error","timestamp":"2025-07-25T16:57:54.712Z"}
{"level":"info","message":"Redis error","timestamp":"2025-07-25T16:57:57.558Z"}
{"level":"info","message":"Redis error","timestamp":"2025-07-25T16:58:00.409Z"}
{"level":"info","message":"Redis error","timestamp":"2025-07-25T16:58:03.253Z"}
{"level":"info","message":"Redis error","timestamp":"2025-07-25T16:58:06.098Z"}
{"level":"info","message":"Redis error","timestamp":"2025-07-25T16:58:08.947Z"}
{"level":"info","message":"Redis error","timestamp":"2025-07-25T16:58:11.798Z"}
{"level":"info","message":"Redis error","timestamp":"2025-07-25T16:58:14.644Z"}
{"level":"info","message":"Redis error","timestamp":"2025-07-25T16:58:17.492Z"}
{"level":"info","message":"Redis error","timestamp":"2025-07-25T16:58:20.331Z"}
{"level":"info","message":"Redis error","timestamp":"2025-07-25T16:58:23.182Z"}
{"level":"info","message":"✅ MongoDB connected","timestamp":"2025-07-25T16:58:31.911Z"}
{"level":"info","message":"🚀 Server running at http://localhost:3001","timestamp":"2025-07-25T16:58:31.916Z"}
{"level":"info","message":"Redis error","timestamp":"2025-07-25T16:58:32.146Z"}
{"level":"info","message":"Redis error","timestamp":"2025-07-25T16:58:33.035Z"}
{"level":"info","message":"Redis error","timestamp":"2025-07-25T16:58:33.974Z"}
{"level":"info","message":"Redis error","timestamp":"2025-07-25T16:58:34.969Z"}
{"level":"info","message":"Redis error","timestamp":"2025-07-25T16:58:36.022Z"}
{"level":"info","message":"Redis error","timestamp":"2025-07-25T16:58:37.122Z"}
{"level":"info","message":"Redis error","timestamp":"2025-07-25T16:58:38.267Z"}
{"level":"info","message":"Redis error","timestamp":"2025-07-25T16:58:39.459Z"}
{"level":"info","message":"Redis error","timestamp":"2025-07-25T16:58:40.708Z"}
{"level":"info","message":"Redis error","timestamp":"2025-07-25T16:58:42.015Z"}
{"level":"info","message":"Redis error","timestamp":"2025-07-25T16:58:43.359Z"}
{"level":"info","message":"Redis error","timestamp":"2025-07-25T16:58:44.764Z"}
{"level":"info","message":"Redis error","timestamp":"2025-07-25T16:58:46.204Z"}
{"level":"info","message":"Redis error","timestamp":"2025-07-25T16:58:47.693Z"}
{"level":"info","message":"Redis error","timestamp":"2025-07-25T16:58:49.238Z"}
{"level":"info","message":"Redis error","timestamp":"2025-07-25T16:58:50.825Z"}
{"level":"info","message":"Redis error","timestamp":"2025-07-25T16:58:52.461Z"}
{"level":"info","message":"✅ MongoDB connected","timestamp":"2025-07-25T16:58:58.712Z"}
{"level":"info","message":"🚀 Server running at http://localhost:3001","timestamp":"2025-07-25T16:58:58.717Z"}
{"level":"error","message":"Redis error","timestamp":"2025-07-25T16:58:59.218Z"}
{"level":"error","message":"Redis error","timestamp":"2025-07-25T16:59:00.118Z"}
{"level":"error","message":"Redis error","timestamp":"2025-07-25T16:59:01.071Z"}
{"level":"error","message":"Redis error","timestamp":"2025-07-25T16:59:02.055Z"}
{"level":"error","message":"Redis error","timestamp":"2025-07-25T16:59:03.098Z"}
{"level":"error","message":"Redis error","timestamp":"2025-07-25T16:59:04.194Z"}
{"level":"error","message":"Redis error","timestamp":"2025-07-25T16:59:05.341Z"}
{"level":"error","message":"Redis error","timestamp":"2025-07-25T16:59:06.534Z"}
{"level":"error","message":"Redis error","timestamp":"2025-07-25T16:59:07.776Z"}
{"level":"error","message":"Redis error","timestamp":"2025-07-25T16:59:09.072Z"}
{"level":"error","message":"Redis error","timestamp":"2025-07-25T16:59:10.408Z"}
{"level":"error","message":"Redis error","timestamp":"2025-07-25T16:59:11.794Z"}
{"level":"error","message":"Redis error","timestamp":"2025-07-25T16:59:13.237Z"}
{"level":"error","message":"Redis error","timestamp":"2025-07-25T16:59:14.744Z"}
{"level":"error","message":"Redis error","timestamp":"2025-07-25T16:59:22.237Z"}
{"level":"info","message":"✅ MongoDB connected","timestamp":"2025-07-25T16:59:28.637Z"}
{"level":"info","message":"✅ MongoDB connected","timestamp":"2025-07-25T16:59:48.953Z"}
{"level":"info","message":"🚀 Server running at http://localhost:3001","timestamp":"2025-07-25T16:59:48.958Z"}
{"level":"error","message":"Redis error","timestamp":"2025-07-25T16:59:49.173Z"}
{"level":"error","message":"Redis error","timestamp":"2025-07-25T16:59:50.072Z"}
{"level":"error","message":"Redis error","timestamp":"2025-07-25T16:59:51.017Z"}
{"level":"error","message":"Redis error","timestamp":"2025-07-25T16:59:52.003Z"}
{"level":"error","message":"Redis error","timestamp":"2025-07-25T16:59:53.054Z"}
{"level":"error","message":"Redis error","timestamp":"2025-07-25T16:59:54.148Z"}
{"level":"error","message":"Redis error","timestamp":"2025-07-25T16:59:55.294Z"}
{"level":"error","message":"Redis error","timestamp":"2025-07-25T16:59:56.483Z"}
{"level":"error","message":"Redis error","timestamp":"2025-07-25T16:59:57.734Z"}
{"level":"error","message":"Redis error","timestamp":"2025-07-25T16:59:59.022Z"}
{"level":"error","message":"Redis error","timestamp":"2025-07-25T17:00:00.376Z"}
{"level":"error","message":"Redis error","timestamp":"2025-07-25T17:00:01.779Z"}
{"level":"error","message":"Redis error","timestamp":"2025-07-25T17:00:03.236Z"}
{"level":"error","message":"Redis error","timestamp":"2025-07-25T17:00:04.731Z"}
{"level":"error","message":"Redis error","timestamp":"2025-07-25T17:00:06.265Z"}
{"level":"error","message":"Redis error","timestamp":"2025-07-25T17:00:07.862Z"}
{"level":"error","message":"Redis error","timestamp":"2025-07-25T17:00:09.509Z"}
{"level":"error","message":"Redis error","timestamp":"2025-07-25T17:00:11.202Z"}
{"level":"error","message":"Redis error","timestamp":"2025-07-25T17:00:12.951Z"}
{"level":"error","message":"Redis error","timestamp":"2025-07-25T17:00:14.749Z"}
{"level":"error","message":"Redis error","timestamp":"2025-07-25T17:00:16.588Z"}
{"level":"error","message":"Redis error","timestamp":"2025-07-25T17:00:18.476Z"}
{"level":"error","message":"Redis error","timestamp":"2025-07-25T17:00:20.435Z"}
{"level":"error","message":"Redis error","timestamp":"2025-07-25T17:00:22.430Z"}
{"level":"error","message":"Redis error","timestamp":"2025-07-25T17:00:24.480Z"}
{"level":"error","message":"Redis error","timestamp":"2025-07-25T17:00:26.579Z"}
{"level":"error","message":"Redis error","timestamp":"2025-07-25T17:00:28.728Z"}
{"level":"error","message":"Redis error","timestamp":"2025-07-25T17:00:30.922Z"}
{"level":"error","message":"Redis error","timestamp":"2025-07-25T17:00:33.158Z"}
{"level":"error","message":"Redis error","timestamp":"2025-07-25T17:00:35.465Z"}
{"level":"error","message":"Redis error","timestamp":"2025-07-25T17:00:37.802Z"}
{"level":"error","message":"Redis error","timestamp":"2025-07-25T17:00:40.195Z"}
{"level":"error","message":"Redis error","timestamp":"2025-07-25T17:00:42.637Z"}
{"level":"error","message":"Redis error","timestamp":"2025-07-25T17:00:45.126Z"}
{"level":"error","message":"Redis error","timestamp":"2025-07-25T17:00:47.684Z"}
{"level":"error","message":"Redis error","timestamp":"2025-07-25T17:00:50.285Z"}
{"level":"error","message":"Redis error","timestamp":"2025-07-25T17:00:52.928Z"}
{"level":"info","message":"✅ MongoDB connected","timestamp":"2025-07-25T17:01:01.531Z"}
{"level":"info","message":"🚀 Server running at http://localhost:3001","timestamp":"2025-07-25T17:01:01.537Z"}
{"level":"error","message":"Redis error","timestamp":"2025-07-25T17:01:01.646Z"}
{"level":"error","message":"Redis error","timestamp":"2025-07-25T17:01:02.531Z"}
{"level":"error","message":"Redis error","timestamp":"2025-07-25T17:01:03.476Z"}
{"level":"error","message":"Redis error","timestamp":"2025-07-25T17:01:04.468Z"}
{"level":"error","message":"Redis error","timestamp":"2025-07-25T17:01:05.519Z"}
{"level":"error","message":"Redis error","timestamp":"2025-07-25T17:01:06.615Z"}
{"level":"error","message":"Redis error","timestamp":"2025-07-25T17:01:07.752Z"}
{"level":"error","message":"Redis error","timestamp":"2025-07-25T17:01:08.946Z"}
{"level":"error","message":"Redis error","timestamp":"2025-07-25T17:01:10.193Z"}
{"level":"error","message":"Redis error","timestamp":"2025-07-25T17:01:11.498Z"}
{"level":"error","message":"Redis error","timestamp":"2025-07-25T17:01:12.837Z"}
{"level":"error","message":"Redis error","timestamp":"2025-07-25T17:01:14.223Z"}
{"level":"error","message":"Redis error","timestamp":"2025-07-25T17:01:15.669Z"}
{"level":"error","message":"Redis error","timestamp":"2025-07-25T17:01:17.157Z"}
{"level":"error","message":"Redis error","timestamp":"2025-07-25T17:01:18.695Z"}
{"level":"error","message":"Redis error","timestamp":"2025-07-25T17:01:20.288Z"}
{"level":"error","message":"Redis error","timestamp":"2025-07-25T17:01:21.945Z"}
{"level":"error","message":"Redis error","timestamp":"2025-07-25T17:01:23.635Z"}
{"level":"error","message":"Redis error","timestamp":"2025-07-25T17:01:25.375Z"}
{"level":"error","message":"Redis error","timestamp":"2025-07-25T17:01:27.175Z"}
{"level":"error","message":"Redis error","timestamp":"2025-07-25T17:01:29.032Z"}
{"level":"error","message":"Redis error","timestamp":"2025-07-25T17:01:30.922Z"}
{"level":"error","message":"Redis error","timestamp":"2025-07-25T17:01:32.862Z"}
{"level":"error","message":"Redis error","timestamp":"2025-07-25T17:01:34.863Z"}
{"level":"error","message":"Redis error","timestamp":"2025-07-25T17:01:36.909Z"}
{"level":"error","message":"Redis error","timestamp":"2025-07-25T17:01:39.003Z"}
{"level":"error","message":"Redis error","timestamp":"2025-07-25T17:01:41.143Z"}
{"level":"error","message":"Redis error","timestamp":"2025-07-25T17:01:43.342Z"}
{"level":"error","message":"Redis error","timestamp":"2025-07-25T17:01:45.584Z"}
{"level":"error","message":"Redis error","timestamp":"2025-07-25T17:01:47.876Z"}
{"level":"error","message":"Redis error","timestamp":"2025-07-25T17:01:50.226Z"}
{"level":"error","message":"Redis error","timestamp":"2025-07-25T17:01:52.623Z"}
{"level":"error","message":"Redis error","timestamp":"2025-07-25T17:01:55.073Z"}
{"level":"error","message":"Redis error","timestamp":"2025-07-25T17:01:57.572Z"}
{"level":"error","message":"Redis error","timestamp":"2025-07-25T17:02:00.121Z"}
{"level":"error","message":"Redis error","timestamp":"2025-07-25T17:02:02.720Z"}
{"level":"error","message":"Redis error","timestamp":"2025-07-25T17:02:05.368Z"}
{"level":"error","message":"Redis error","timestamp":"2025-07-25T17:02:08.067Z"}
{"level":"error","message":"Redis error","timestamp":"2025-07-25T17:02:10.811Z"}
{"level":"error","message":"Redis error","timestamp":"2025-07-25T17:02:13.612Z"}
{"level":"error","message":"Redis error","timestamp":"2025-07-25T17:02:16.462Z"}
{"level":"error","message":"Redis error","timestamp":"2025-07-25T17:02:19.316Z"}
{"level":"error","message":"Redis error","timestamp":"2025-07-25T17:02:22.163Z"}
{"level":"error","message":"Redis error","timestamp":"2025-07-25T17:02:25.010Z"}
{"level":"error","message":"Redis error","timestamp":"2025-07-25T17:02:27.861Z"}
{"level":"error","message":"Redis error","timestamp":"2025-07-25T17:02:30.716Z"}
{"level":"error","message":"Redis error","timestamp":"2025-07-25T17:02:33.567Z"}
{"level":"error","message":"Redis error","timestamp":"2025-07-25T17:02:36.420Z"}
{"level":"info","message":"✅ MongoDB connected","timestamp":"2025-07-25T17:02:44.625Z"}
{"level":"info","message":"🚀 Server running at http://localhost:3001","timestamp":"2025-07-25T17:02:44.631Z"}
{"level":"error","message":"Redis error","timestamp":"2025-07-25T17:02:44.919Z"}
{"level":"error","message":"Redis error","timestamp":"2025-07-25T17:02:45.815Z"}
{"level":"error","message":"Redis error","timestamp":"2025-07-25T17:02:46.758Z"}
{"level":"error","message":"Redis error","timestamp":"2025-07-25T17:02:47.747Z"}
{"level":"error","message":"Redis error","timestamp":"2025-07-25T17:02:48.798Z"}
{"level":"error","message":"Redis error","timestamp":"2025-07-25T17:02:49.894Z"}
{"level":"error","message":"Redis error","timestamp":"2025-07-25T17:02:51.038Z"}
{"level":"error","message":"Redis error","timestamp":"2025-07-25T17:02:52.221Z"}
{"level":"error","message":"Redis error","timestamp":"2025-07-25T17:02:53.457Z"}
{"level":"error","message":"Redis error","timestamp":"2025-07-25T17:02:54.751Z"}
{"level":"error","message":"Redis error","timestamp":"2025-07-25T17:02:56.097Z"}
{"level":"error","message":"Redis error","timestamp":"2025-07-25T17:02:57.482Z"}
{"level":"error","message":"Redis error","timestamp":"2025-07-25T17:02:58.924Z"}
{"level":"error","message":"Redis error","timestamp":"2025-07-25T17:03:00.427Z"}
{"level":"error","message":"Redis error","timestamp":"2025-07-25T17:03:01.971Z"}
{"level":"error","message":"Redis error","timestamp":"2025-07-25T17:03:03.564Z"}
{"level":"error","message":"Redis error","timestamp":"2025-07-25T17:03:05.216Z"}
{"level":"error","message":"Redis error","timestamp":"2025-07-25T17:03:06.913Z"}
{"level":"error","message":"Redis error","timestamp":"2025-07-25T17:03:08.653Z"}
{"level":"error","message":"Redis error","timestamp":"2025-07-25T17:03:10.462Z"}
{"level":"error","message":"Redis error","timestamp":"2025-07-25T17:03:12.311Z"}
{"level":"error","message":"Redis error","timestamp":"2025-07-25T17:03:14.194Z"}
{"level":"error","message":"Redis error","timestamp":"2025-07-25T17:03:16.139Z"}
{"level":"error","message":"Redis error","timestamp":"2025-07-25T17:03:18.136Z"}
{"level":"error","message":"Redis error","timestamp":"2025-07-25T17:03:20.179Z"}
{"level":"error","message":"Redis error","timestamp":"2025-07-25T17:03:22.283Z"}
{"level":"error","message":"Redis error","timestamp":"2025-07-25T17:03:24.437Z"}
{"level":"error","message":"Redis error","timestamp":"2025-07-25T17:03:26.632Z"}
{"level":"error","message":"Redis error","timestamp":"2025-07-25T17:03:28.876Z"}
{"level":"error","message":"Redis error","timestamp":"2025-07-25T17:03:31.165Z"}
{"level":"error","message":"Redis error","timestamp":"2025-07-25T17:03:33.508Z"}
{"level":"error","message":"Redis error","timestamp":"2025-07-25T17:03:35.919Z"}
{"level":"error","message":"Redis error","timestamp":"2025-07-25T17:03:38.361Z"}
{"level":"error","message":"Redis error","timestamp":"2025-07-25T17:03:40.856Z"}
{"level":"error","message":"Redis error","timestamp":"2025-07-25T17:03:43.393Z"}
{"level":"error","message":"Redis error","timestamp":"2025-07-25T17:03:46.004Z"}
{"level":"error","message":"Redis error","timestamp":"2025-07-25T17:03:48.653Z"}
{"level":"error","message":"Redis error","timestamp":"2025-07-25T17:03:51.353Z"}
{"level":"error","message":"Redis error","timestamp":"2025-07-25T17:03:54.102Z"}
{"level":"error","message":"Redis error","timestamp":"2025-07-25T17:03:56.899Z"}
{"level":"error","message":"Redis error","timestamp":"2025-07-25T17:03:59.751Z"}
{"level":"error","message":"Redis error","timestamp":"2025-07-25T17:04:02.597Z"}
{"level":"error","message":"Redis error","timestamp":"2025-07-25T17:04:05.442Z"}
{"level":"error","message":"Redis error","timestamp":"2025-07-25T17:04:08.295Z"}
{"level":"error","message":"Redis error","timestamp":"2025-07-25T17:04:11.148Z"}
{"level":"error","message":"Redis error","timestamp":"2025-07-25T17:04:14.002Z"}
{"level":"error","message":"Redis error","timestamp":"2025-07-25T17:04:16.841Z"}
{"level":"error","message":"Redis error","timestamp":"2025-07-25T17:04:19.694Z"}
{"level":"error","message":"Redis error","timestamp":"2025-07-25T17:04:22.541Z"}
{"level":"error","message":"Redis error","timestamp":"2025-07-25T17:04:25.387Z"}
{"level":"error","message":"Redis error","timestamp":"2025-07-25T17:04:28.224Z"}
{"level":"error","message":"Redis error","timestamp":"2025-07-25T17:04:31.074Z"}
{"level":"error","message":"Redis error","timestamp":"2025-07-25T17:04:33.922Z"}
{"level":"error","message":"Redis error","timestamp":"2025-07-25T17:04:36.773Z"}
{"level":"error","message":"Redis error","timestamp":"2025-07-25T17:04:39.623Z"}
{"level":"error","message":"Redis error","timestamp":"2025-07-25T17:04:42.475Z"}
{"level":"error","message":"Redis error","timestamp":"2025-07-25T17:04:45.309Z"}
{"level":"error","message":"Redis error","timestamp":"2025-07-25T17:04:48.163Z"}
{"level":"error","message":"Redis error","timestamp":"2025-07-25T17:04:51.007Z"}
{"level":"error","message":"Redis error","timestamp":"2025-07-25T17:04:53.847Z"}
{"level":"error","message":"Redis error","timestamp":"2025-07-25T17:04:56.682Z"}
{"level":"error","message":"Redis error","timestamp":"2025-07-25T17:04:59.522Z"}
{"level":"error","message":"Redis error","timestamp":"2025-07-25T17:05:02.369Z"}
{"level":"error","message":"Redis error","timestamp":"2025-07-25T17:05:05.206Z"}
{"level":"error","message":"Redis error","timestamp":"2025-07-25T17:05:08.046Z"}
{"level":"error","message":"Redis error","timestamp":"2025-07-25T17:05:10.898Z"}
{"level":"error","message":"Redis error","timestamp":"2025-07-25T17:05:13.740Z"}
{"level":"error","message":"Redis error","timestamp":"2025-07-25T17:05:16.592Z"}
{"level":"error","message":"Redis error","timestamp":"2025-07-25T17:05:19.451Z"}
{"level":"error","message":"Redis error","timestamp":"2025-07-25T17:05:22.289Z"}
{"level":"error","message":"Redis error","timestamp":"2025-07-25T17:05:25.133Z"}
{"level":"error","message":"Redis error","timestamp":"2025-07-25T17:05:27.981Z"}
{"level":"error","message":"Redis error","timestamp":"2025-07-25T17:05:30.824Z"}
{"level":"error","message":"Redis error","timestamp":"2025-07-25T17:05:33.676Z"}
{"level":"error","message":"Redis error","timestamp":"2025-07-25T17:05:36.514Z"}
{"level":"error","message":"Redis error","timestamp":"2025-07-25T17:05:39.350Z"}
{"level":"error","message":"Redis error","timestamp":"2025-07-25T17:05:42.202Z"}
{"level":"error","message":"Redis error","timestamp":"2025-07-25T17:05:45.037Z"}
{"level":"error","message":"Redis error","timestamp":"2025-07-25T17:05:47.877Z"}
{"level":"error","message":"Redis error","timestamp":"2025-07-25T17:05:50.723Z"}
{"level":"error","message":"Redis error","timestamp":"2025-07-25T17:05:53.570Z"}
{"level":"error","message":"Redis error","timestamp":"2025-07-25T17:05:56.417Z"}
{"level":"error","message":"Redis error","timestamp":"2025-07-25T17:05:59.261Z"}
{"level":"error","message":"Redis error","timestamp":"2025-07-25T17:06:02.118Z"}
{"level":"error","message":"Redis error","timestamp":"2025-07-25T17:06:04.964Z"}
{"level":"error","message":"Redis error","timestamp":"2025-07-25T17:06:07.812Z"}
{"level":"error","message":"Redis error","timestamp":"2025-07-25T17:06:10.666Z"}
{"level":"error","message":"Redis error","timestamp":"2025-07-25T17:06:13.505Z"}
{"level":"error","message":"Redis error","timestamp":"2025-07-25T17:06:16.353Z"}
{"level":"error","message":"Redis error","timestamp":"2025-07-25T17:06:19.204Z"}
{"level":"error","message":"Redis error","timestamp":"2025-07-25T17:06:22.037Z"}
{"level":"error","message":"Redis error","timestamp":"2025-07-25T17:06:24.896Z"}
{"level":"error","message":"Redis error","timestamp":"2025-07-25T17:06:27.750Z"}
{"level":"error","message":"Redis error","timestamp":"2025-07-25T17:06:30.604Z"}
{"level":"error","message":"Redis error","timestamp":"2025-07-25T17:06:33.457Z"}
{"level":"error","message":"Redis error","timestamp":"2025-07-25T17:06:36.293Z"}
{"level":"error","message":"Redis error","timestamp":"2025-07-25T17:06:39.138Z"}
{"level":"error","message":"Redis error","timestamp":"2025-07-25T17:06:41.987Z"}
{"level":"error","message":"Redis error","timestamp":"2025-07-25T17:06:44.834Z"}
{"level":"error","message":"Redis error","timestamp":"2025-07-25T17:06:47.676Z"}
{"level":"error","message":"Redis error","timestamp":"2025-07-25T17:06:50.519Z"}
{"level":"error","message":"Redis error","timestamp":"2025-07-25T17:06:53.361Z"}
{"level":"error","message":"Redis error","timestamp":"2025-07-25T17:06:56.209Z"}
{"level":"error","message":"Redis error","timestamp":"2025-07-25T17:06:59.043Z"}
{"level":"info","message":"✅ MongoDB connected","timestamp":"2025-07-25T17:07:10.152Z"}
{"level":"info","message":"🚀 Server running at http://localhost:3001","timestamp":"2025-07-25T17:07:10.158Z"}
{"level":"error","message":"Redis error","timestamp":"2025-07-25T17:07:10.441Z"}
{"level":"error","message":"Redis error","timestamp":"2025-07-25T17:07:11.339Z"}
{"level":"error","message":"Redis error","timestamp":"2025-07-25T17:07:12.282Z"}
{"level":"error","message":"Redis error","timestamp":"2025-07-25T17:07:13.266Z"}
{"level":"error","message":"Redis error","timestamp":"2025-07-25T17:07:14.312Z"}
{"level":"error","message":"Redis error","timestamp":"2025-07-25T17:07:15.406Z"}
{"level":"error","message":"Redis error","timestamp":"2025-07-25T17:07:16.551Z"}
{"level":"error","message":"Redis error","timestamp":"2025-07-25T17:07:17.744Z"}
{"level":"error","message":"Redis error","timestamp":"2025-07-25T17:07:18.978Z"}
{"level":"error","message":"Redis error","timestamp":"2025-07-25T17:07:20.269Z"}
{"level":"error","message":"Redis error","timestamp":"2025-07-25T17:07:21.609Z"}
{"level":"error","message":"Redis error","timestamp":"2025-07-25T17:07:22.999Z"}
{"level":"error","message":"Redis error","timestamp":"2025-07-25T17:07:24.435Z"}
{"level":"error","message":"Redis error","timestamp":"2025-07-25T17:07:25.933Z"}
{"level":"error","message":"Redis error","timestamp":"2025-07-25T17:07:27.479Z"}
{"level":"error","message":"Redis error","timestamp":"2025-07-25T17:07:29.073Z"}
{"level":"error","message":"Redis error","timestamp":"2025-07-25T17:07:30.711Z"}
{"level":"error","message":"Redis error","timestamp":"2025-07-25T17:07:32.401Z"}
{"level":"error","message":"Redis error","timestamp":"2025-07-25T17:07:34.142Z"}
{"level":"error","message":"Redis error","timestamp":"2025-07-25T17:07:35.938Z"}
{"level":"error","message":"Redis error","timestamp":"2025-07-25T17:07:37.779Z"}
{"level":"error","message":"Redis error","timestamp":"2025-07-25T17:07:39.663Z"}
{"level":"error","message":"Redis error","timestamp":"2025-07-25T17:07:41.606Z"}
{"level":"error","message":"Redis error","timestamp":"2025-07-25T17:07:43.606Z"}
